This is pdfTeX, Version 3.14159265-2.6-1.40.16 (TeX Live 2015/Debian) (preloaded format=pdflatex 2018.10.18)  14 JAN 2019 11:37
entering extended mode
 \write18 enabled.
 %&-line parsing enabled.
**doc.tex
(./doc.tex
LaTeX2e <2016/02/01>
Babel <3.9q> and hyphenation patterns for 33 language(s) loaded.
(/usr/share/texlive/texmf-dist/tex/latex/base/article.cls
Document Class: article 2014/09/29 v1.4h Standard LaTeX document class
(/usr/share/texlive/texmf-dist/tex/latex/base/size12.clo
File: size12.clo 2014/09/29 v1.4h Standard LaTeX file (size option)
)
\c@part=\count79
\c@section=\count80
\c@subsection=\count81
\c@subsubsection=\count82
\c@paragraph=\count83
\c@subparagraph=\count84
\c@figure=\count85
\c@table=\count86
\abovecaptionskip=\skip41
\belowcaptionskip=\skip42
\bibindent=\dimen102
)
(/usr/share/texlive/texmf-dist/tex/latex/amsmath/amsmath.sty
Package: amsmath 2016/03/03 v2.15a AMS math features
\@mathmargin=\skip43

For additional information on amsmath, use the `?' option.
(/usr/share/texlive/texmf-dist/tex/latex/amsmath/amstext.sty
Package: amstext 2000/06/29 v2.01 AMS text

(/usr/share/texlive/texmf-dist/tex/latex/amsmath/amsgen.sty
File: amsgen.sty 1999/11/30 v2.0 generic functions
\@emptytoks=\toks14
\ex@=\dimen103
))
(/usr/share/texlive/texmf-dist/tex/latex/amsmath/amsbsy.sty
Package: amsbsy 1999/11/29 v1.2d Bold Symbols
\pmbraise@=\dimen104
)
(/usr/share/texlive/texmf-dist/tex/latex/amsmath/amsopn.sty
Package: amsopn 1999/12/14 v2.01 operator names
)
\inf@bad=\count87
LaTeX Info: Redefining \frac on input line 199.
\uproot@=\count88
\leftroot@=\count89
LaTeX Info: Redefining \overline on input line 297.
\classnum@=\count90
\DOTSCASE@=\count91
LaTeX Info: Redefining \ldots on input line 394.
LaTeX Info: Redefining \dots on input line 397.
LaTeX Info: Redefining \cdots on input line 518.
\Mathstrutbox@=\box26
\strutbox@=\box27
\big@size=\dimen105
LaTeX Font Info:    Redeclaring font encoding OML on input line 630.
LaTeX Font Info:    Redeclaring font encoding OMS on input line 631.
\macc@depth=\count92
\c@MaxMatrixCols=\count93
\dotsspace@=\muskip10
\c@parentequation=\count94
\dspbrk@lvl=\count95
\tag@help=\toks15
\row@=\count96
\column@=\count97
\maxfields@=\count98
\andhelp@=\toks16
\eqnshift@=\dimen106
\alignsep@=\dimen107
\tagshift@=\dimen108
\tagwidth@=\dimen109
\totwidth@=\dimen110
\lineht@=\dimen111
\@envbody=\toks17
\multlinegap=\skip44
\multlinetaggap=\skip45
\mathdisplay@stack=\toks18
LaTeX Info: Redefining \[ on input line 2735.
LaTeX Info: Redefining \] on input line 2736.
)
(/usr/share/texlive/texmf-dist/tex/latex/amsfonts/amsfonts.sty
Package: amsfonts 2013/01/14 v3.01 Basic AMSFonts support
\symAMSa=\mathgroup4
\symAMSb=\mathgroup5
LaTeX Font Info:    Overwriting math alphabet `\mathfrak' in version `bold'
(Font)                  U/euf/m/n --> U/euf/b/n on input line 106.
)
(/usr/share/texlive/texmf-dist/tex/latex/amsfonts/amssymb.sty
Package: amssymb 2013/01/14 v3.01 AMS font symbols
)
(/usr/share/texlive/texmf-dist/tex/latex/graphics/graphicx.sty
Package: graphicx 2014/10/28 v1.0g Enhanced LaTeX Graphics (DPC,SPQR)

(/usr/share/texlive/texmf-dist/tex/latex/graphics/keyval.sty
Package: keyval 2014/10/28 v1.15 key=value parser (DPC)
\KV@toks@=\toks19
)
(/usr/share/texlive/texmf-dist/tex/latex/graphics/graphics.sty
Package: graphics 2016/01/03 v1.0q Standard LaTeX Graphics (DPC,SPQR)

(/usr/share/texlive/texmf-dist/tex/latex/graphics/trig.sty
Package: trig 2016/01/03 v1.10 sin cos tan (DPC)
)
(/etc/texmf/tex/latex/config/graphics.cfg
File: graphics.cfg 2009/08/28 v1.8 graphics configuration of TeX Live
)
Package graphics Info: Driver file: pdftex.def on input line 95.

(/usr/share/texlive/texmf-dist/tex/latex/pdftex-def/pdftex.def
File: pdftex.def 2011/05/27 v0.06d Graphics/color for pdfTeX

(/usr/share/texlive/texmf-dist/tex/generic/oberdiek/infwarerr.sty
Package: infwarerr 2010/04/08 v1.3 Providing info/warning/error messages (HO)
)
(/usr/share/texlive/texmf-dist/tex/generic/oberdiek/ltxcmds.sty
Package: ltxcmds 2011/11/09 v1.22 LaTeX kernel commands for general use (HO)
)
\Gread@gobject=\count99
))
\Gin@req@height=\dimen112
\Gin@req@width=\dimen113
)
(/usr/share/texlive/texmf-dist/tex/latex/float/float.sty
Package: float 2001/11/08 v1.3d Float enhancements (AL)
\c@float@type=\count100
\float@exts=\toks20
\float@box=\box28
\@float@everytoks=\toks21
\@floatcapt=\box29
)
(/usr/share/texlive/texmf-dist/tex/latex/listings/listings.sty
\lst@mode=\count101
\lst@gtempboxa=\box30
\lst@token=\toks22
\lst@length=\count102
\lst@currlwidth=\dimen114
\lst@column=\count103
\lst@pos=\count104
\lst@lostspace=\dimen115
\lst@width=\dimen116
\lst@newlines=\count105
\lst@lineno=\count106
\lst@maxwidth=\dimen117

(/usr/share/texlive/texmf-dist/tex/latex/listings/lstmisc.sty
File: lstmisc.sty 2015/06/04 1.6 (Carsten Heinz)
\c@lstnumber=\count107
\lst@skipnumbers=\count108
\lst@framebox=\box31
)
(/usr/share/texlive/texmf-dist/tex/latex/listings/listings.cfg
File: listings.cfg 2015/06/04 1.6 listings configuration
))
Package: listings 2015/06/04 1.6 (Carsten Heinz)

(/usr/share/texlive/texmf-dist/tex/latex/rotating/rotating.sty
Package: rotating 2009/03/28 v2.16a rotated objects in LaTeX

(/usr/share/texlive/texmf-dist/tex/latex/base/ifthen.sty
Package: ifthen 2014/09/29 v1.1c Standard LaTeX ifthen package (DPC)
)
\c@r@tfl@t=\count109
\rotFPtop=\skip46
\rotFPbot=\skip47
\rot@float@box=\box32
\rot@mess@toks=\toks23
)
(/usr/share/texlive/texmf-dist/tex/latex/pgf/frontendlayer/tikz.sty
(/usr/share/texlive/texmf-dist/tex/latex/pgf/basiclayer/pgf.sty
(/usr/share/texlive/texmf-dist/tex/latex/pgf/utilities/pgfrcs.sty
(/usr/share/texlive/texmf-dist/tex/generic/pgf/utilities/pgfutil-common.tex
\pgfutil@everybye=\toks24
\pgfutil@tempdima=\dimen118
\pgfutil@tempdimb=\dimen119

(/usr/share/texlive/texmf-dist/tex/generic/pgf/utilities/pgfutil-common-lists.t
ex)) (/usr/share/texlive/texmf-dist/tex/generic/pgf/utilities/pgfutil-latex.def
\pgfutil@abb=\box33
(/usr/share/texlive/texmf-dist/tex/latex/ms/everyshi.sty
Package: everyshi 2001/05/15 v3.00 EveryShipout Package (MS)
))
(/usr/share/texlive/texmf-dist/tex/generic/pgf/utilities/pgfrcs.code.tex
Package: pgfrcs 2015/08/07 v3.0.1a (rcs-revision 1.31)
))
Package: pgf 2015/08/07 v3.0.1a (rcs-revision 1.15)

(/usr/share/texlive/texmf-dist/tex/latex/pgf/basiclayer/pgfcore.sty
(/usr/share/texlive/texmf-dist/tex/latex/pgf/systemlayer/pgfsys.sty
(/usr/share/texlive/texmf-dist/tex/generic/pgf/systemlayer/pgfsys.code.tex
Package: pgfsys 2014/07/09 v3.0.1a (rcs-revision 1.48)

(/usr/share/texlive/texmf-dist/tex/generic/pgf/utilities/pgfkeys.code.tex
\pgfkeys@pathtoks=\toks25
\pgfkeys@temptoks=\toks26

(/usr/share/texlive/texmf-dist/tex/generic/pgf/utilities/pgfkeysfiltered.code.t
ex
\pgfkeys@tmptoks=\toks27
))
\pgf@x=\dimen120
\pgf@y=\dimen121
\pgf@xa=\dimen122
\pgf@ya=\dimen123
\pgf@xb=\dimen124
\pgf@yb=\dimen125
\pgf@xc=\dimen126
\pgf@yc=\dimen127
\w@pgf@writea=\write3
\r@pgf@reada=\read1
\c@pgf@counta=\count110
\c@pgf@countb=\count111
\c@pgf@countc=\count112
\c@pgf@countd=\count113
\t@pgf@toka=\toks28
\t@pgf@tokb=\toks29
\t@pgf@tokc=\toks30
 (/usr/share/texlive/texmf-dist/tex/generic/pgf/systemlayer/pgf.cfg
File: pgf.cfg 2008/05/14  (rcs-revision 1.7)
)
Driver file for pgf: pgfsys-pdftex.def

(/usr/share/texlive/texmf-dist/tex/generic/pgf/systemlayer/pgfsys-pdftex.def
File: pgfsys-pdftex.def 2014/10/11  (rcs-revision 1.35)

(/usr/share/texlive/texmf-dist/tex/generic/pgf/systemlayer/pgfsys-common-pdf.de
f
File: pgfsys-common-pdf.def 2013/10/10  (rcs-revision 1.13)
)))
(/usr/share/texlive/texmf-dist/tex/generic/pgf/systemlayer/pgfsyssoftpath.code.
tex
File: pgfsyssoftpath.code.tex 2013/09/09  (rcs-revision 1.9)
\pgfsyssoftpath@smallbuffer@items=\count114
\pgfsyssoftpath@bigbuffer@items=\count115
)
(/usr/share/texlive/texmf-dist/tex/generic/pgf/systemlayer/pgfsysprotocol.code.
tex
File: pgfsysprotocol.code.tex 2006/10/16  (rcs-revision 1.4)
)) (/usr/share/texlive/texmf-dist/tex/latex/xcolor/xcolor.sty
Package: xcolor 2007/01/21 v2.11 LaTeX color extensions (UK)

(/etc/texmf/tex/latex/config/color.cfg
File: color.cfg 2007/01/18 v1.5 color configuration of teTeX/TeXLive
)
Package xcolor Info: Driver file: pdftex.def on input line 225.
Package xcolor Info: Model `cmy' substituted by `cmy0' on input line 1337.
Package xcolor Info: Model `hsb' substituted by `rgb' on input line 1341.
Package xcolor Info: Model `RGB' extended on input line 1353.
Package xcolor Info: Model `HTML' substituted by `rgb' on input line 1355.
Package xcolor Info: Model `Hsb' substituted by `hsb' on input line 1356.
Package xcolor Info: Model `tHsb' substituted by `hsb' on input line 1357.
Package xcolor Info: Model `HSB' substituted by `hsb' on input line 1358.
Package xcolor Info: Model `Gray' substituted by `gray' on input line 1359.
Package xcolor Info: Model `wave' substituted by `hsb' on input line 1360.
)
(/usr/share/texlive/texmf-dist/tex/generic/pgf/basiclayer/pgfcore.code.tex
Package: pgfcore 2010/04/11 v3.0.1a (rcs-revision 1.7)

(/usr/share/texlive/texmf-dist/tex/generic/pgf/math/pgfmath.code.tex
(/usr/share/texlive/texmf-dist/tex/generic/pgf/math/pgfmathcalc.code.tex
(/usr/share/texlive/texmf-dist/tex/generic/pgf/math/pgfmathutil.code.tex)
(/usr/share/texlive/texmf-dist/tex/generic/pgf/math/pgfmathparser.code.tex
\pgfmath@dimen=\dimen128
\pgfmath@count=\count116
\pgfmath@box=\box34
\pgfmath@toks=\toks31
\pgfmath@stack@operand=\toks32
\pgfmath@stack@operation=\toks33
)
(/usr/share/texlive/texmf-dist/tex/generic/pgf/math/pgfmathfunctions.code.tex
(/usr/share/texlive/texmf-dist/tex/generic/pgf/math/pgfmathfunctions.basic.code
.tex)
(/usr/share/texlive/texmf-dist/tex/generic/pgf/math/pgfmathfunctions.trigonomet
ric.code.tex)
(/usr/share/texlive/texmf-dist/tex/generic/pgf/math/pgfmathfunctions.random.cod
e.tex)
(/usr/share/texlive/texmf-dist/tex/generic/pgf/math/pgfmathfunctions.comparison
.code.tex)
(/usr/share/texlive/texmf-dist/tex/generic/pgf/math/pgfmathfunctions.base.code.
tex)
(/usr/share/texlive/texmf-dist/tex/generic/pgf/math/pgfmathfunctions.round.code
.tex)
(/usr/share/texlive/texmf-dist/tex/generic/pgf/math/pgfmathfunctions.misc.code.
tex)
(/usr/share/texlive/texmf-dist/tex/generic/pgf/math/pgfmathfunctions.integerari
thmetics.code.tex)))
(/usr/share/texlive/texmf-dist/tex/generic/pgf/math/pgfmathfloat.code.tex
\c@pgfmathroundto@lastzeros=\count117
))
(/usr/share/texlive/texmf-dist/tex/generic/pgf/basiclayer/pgfcorepoints.code.te
x
File: pgfcorepoints.code.tex 2013/10/07  (rcs-revision 1.27)
\pgf@picminx=\dimen129
\pgf@picmaxx=\dimen130
\pgf@picminy=\dimen131
\pgf@picmaxy=\dimen132
\pgf@pathminx=\dimen133
\pgf@pathmaxx=\dimen134
\pgf@pathminy=\dimen135
\pgf@pathmaxy=\dimen136
\pgf@xx=\dimen137
\pgf@xy=\dimen138
\pgf@yx=\dimen139
\pgf@yy=\dimen140
\pgf@zx=\dimen141
\pgf@zy=\dimen142
)
(/usr/share/texlive/texmf-dist/tex/generic/pgf/basiclayer/pgfcorepathconstruct.
code.tex
File: pgfcorepathconstruct.code.tex 2013/10/07  (rcs-revision 1.29)
\pgf@path@lastx=\dimen143
\pgf@path@lasty=\dimen144
)
(/usr/share/texlive/texmf-dist/tex/generic/pgf/basiclayer/pgfcorepathusage.code
.tex
File: pgfcorepathusage.code.tex 2014/11/02  (rcs-revision 1.24)
\pgf@shorten@end@additional=\dimen145
\pgf@shorten@start@additional=\dimen146
)
(/usr/share/texlive/texmf-dist/tex/generic/pgf/basiclayer/pgfcorescopes.code.te
x
File: pgfcorescopes.code.tex 2015/05/08  (rcs-revision 1.46)
\pgfpic=\box35
\pgf@hbox=\box36
\pgf@layerbox@main=\box37
\pgf@picture@serial@count=\count118
)
(/usr/share/texlive/texmf-dist/tex/generic/pgf/basiclayer/pgfcoregraphicstate.c
ode.tex
File: pgfcoregraphicstate.code.tex 2014/11/02  (rcs-revision 1.12)
\pgflinewidth=\dimen147
)
(/usr/share/texlive/texmf-dist/tex/generic/pgf/basiclayer/pgfcoretransformation
s.code.tex
File: pgfcoretransformations.code.tex 2015/08/07  (rcs-revision 1.20)
\pgf@pt@x=\dimen148
\pgf@pt@y=\dimen149
\pgf@pt@temp=\dimen150
)
(/usr/share/texlive/texmf-dist/tex/generic/pgf/basiclayer/pgfcorequick.code.tex
File: pgfcorequick.code.tex 2008/10/09  (rcs-revision 1.3)
)
(/usr/share/texlive/texmf-dist/tex/generic/pgf/basiclayer/pgfcoreobjects.code.t
ex
File: pgfcoreobjects.code.tex 2006/10/11  (rcs-revision 1.2)
)
(/usr/share/texlive/texmf-dist/tex/generic/pgf/basiclayer/pgfcorepathprocessing
.code.tex
File: pgfcorepathprocessing.code.tex 2013/09/09  (rcs-revision 1.9)
)
(/usr/share/texlive/texmf-dist/tex/generic/pgf/basiclayer/pgfcorearrows.code.te
x
File: pgfcorearrows.code.tex 2015/05/14  (rcs-revision 1.43)
\pgfarrowsep=\dimen151
)
(/usr/share/texlive/texmf-dist/tex/generic/pgf/basiclayer/pgfcoreshade.code.tex
File: pgfcoreshade.code.tex 2013/07/15  (rcs-revision 1.15)
\pgf@max=\dimen152
\pgf@sys@shading@range@num=\count119
)
(/usr/share/texlive/texmf-dist/tex/generic/pgf/basiclayer/pgfcoreimage.code.tex
File: pgfcoreimage.code.tex 2013/07/15  (rcs-revision 1.18)

(/usr/share/texlive/texmf-dist/tex/generic/pgf/basiclayer/pgfcoreexternal.code.
tex
File: pgfcoreexternal.code.tex 2014/07/09  (rcs-revision 1.21)
\pgfexternal@startupbox=\box38
))
(/usr/share/texlive/texmf-dist/tex/generic/pgf/basiclayer/pgfcorelayers.code.te
x
File: pgfcorelayers.code.tex 2013/07/18  (rcs-revision 1.7)
)
(/usr/share/texlive/texmf-dist/tex/generic/pgf/basiclayer/pgfcoretransparency.c
ode.tex
File: pgfcoretransparency.code.tex 2013/09/30  (rcs-revision 1.5)
)
(/usr/share/texlive/texmf-dist/tex/generic/pgf/basiclayer/pgfcorepatterns.code.
tex
File: pgfcorepatterns.code.tex 2013/11/07  (rcs-revision 1.5)
)))
(/usr/share/texlive/texmf-dist/tex/generic/pgf/modules/pgfmoduleshapes.code.tex
File: pgfmoduleshapes.code.tex 2014/03/21  (rcs-revision 1.35)
\pgfnodeparttextbox=\box39
) (/usr/share/texlive/texmf-dist/tex/generic/pgf/modules/pgfmoduleplot.code.tex
File: pgfmoduleplot.code.tex 2015/08/03  (rcs-revision 1.13)
)
(/usr/share/texlive/texmf-dist/tex/latex/pgf/compatibility/pgfcomp-version-0-65
.sty
Package: pgfcomp-version-0-65 2007/07/03 v3.0.1a (rcs-revision 1.7)
\pgf@nodesepstart=\dimen153
\pgf@nodesepend=\dimen154
)
(/usr/share/texlive/texmf-dist/tex/latex/pgf/compatibility/pgfcomp-version-1-18
.sty
Package: pgfcomp-version-1-18 2007/07/23 v3.0.1a (rcs-revision 1.1)
)) (/usr/share/texlive/texmf-dist/tex/latex/pgf/utilities/pgffor.sty
(/usr/share/texlive/texmf-dist/tex/latex/pgf/utilities/pgfkeys.sty
(/usr/share/texlive/texmf-dist/tex/generic/pgf/utilities/pgfkeys.code.tex))
(/usr/share/texlive/texmf-dist/tex/latex/pgf/math/pgfmath.sty
(/usr/share/texlive/texmf-dist/tex/generic/pgf/math/pgfmath.code.tex))
(/usr/share/texlive/texmf-dist/tex/generic/pgf/utilities/pgffor.code.tex
Package: pgffor 2013/12/13 v3.0.1a (rcs-revision 1.25)

(/usr/share/texlive/texmf-dist/tex/generic/pgf/math/pgfmath.code.tex)
\pgffor@iter=\dimen155
\pgffor@skip=\dimen156
\pgffor@stack=\toks34
\pgffor@toks=\toks35
))
(/usr/share/texlive/texmf-dist/tex/generic/pgf/frontendlayer/tikz/tikz.code.tex
Package: tikz 2015/08/07 v3.0.1a (rcs-revision 1.151)

(/usr/share/texlive/texmf-dist/tex/generic/pgf/libraries/pgflibraryplothandlers
.code.tex
File: pgflibraryplothandlers.code.tex 2013/08/31 v3.0.1a (rcs-revision 1.20)
\pgf@plot@mark@count=\count120
\pgfplotmarksize=\dimen157
)
\tikz@lastx=\dimen158
\tikz@lasty=\dimen159
\tikz@lastxsaved=\dimen160
\tikz@lastysaved=\dimen161
\tikzleveldistance=\dimen162
\tikzsiblingdistance=\dimen163
\tikz@figbox=\box40
\tikz@figbox@bg=\box41
\tikz@tempbox=\box42
\tikz@tempbox@bg=\box43
\tikztreelevel=\count121
\tikznumberofchildren=\count122
\tikznumberofcurrentchild=\count123
\tikz@fig@count=\count124

(/usr/share/texlive/texmf-dist/tex/generic/pgf/modules/pgfmodulematrix.code.tex
File: pgfmodulematrix.code.tex 2013/09/17  (rcs-revision 1.8)
\pgfmatrixcurrentrow=\count125
\pgfmatrixcurrentcolumn=\count126
\pgf@matrix@numberofcolumns=\count127
)
\tikz@expandcount=\count128

(/usr/share/texlive/texmf-dist/tex/generic/pgf/frontendlayer/tikz/libraries/tik
zlibrarytopaths.code.tex
File: tikzlibrarytopaths.code.tex 2008/06/17 v3.0.1a (rcs-revision 1.2)
)))
(/usr/share/texlive/texmf-dist/tex/latex/tools/verbatim.sty
Package: verbatim 2014/10/28 v1.5q LaTeX2e package for verbatim enhancements
\every@verbatim=\toks36
\verbatim@line=\toks37
\verbatim@in@stream=\read2
){/var/lib/texmf/fonts/map/pdftex/updmap/pdftex.map}{Unicode.sfd} (./doc.aux)
\openout1 = `doc.aux'.

LaTeX Font Info:    Checking defaults for OML/cmm/m/it on input line 15.
LaTeX Font Info:    ... okay on input line 15.
LaTeX Font Info:    Checking defaults for T1/cmr/m/n on input line 15.
LaTeX Font Info:    ... okay on input line 15.
LaTeX Font Info:    Checking defaults for OT1/cmr/m/n on input line 15.
LaTeX Font Info:    ... okay on input line 15.
LaTeX Font Info:    Checking defaults for OMS/cmsy/m/n on input line 15.
LaTeX Font Info:    ... okay on input line 15.
LaTeX Font Info:    Checking defaults for OMX/cmex/m/n on input line 15.
LaTeX Font Info:    ... okay on input line 15.
LaTeX Font Info:    Checking defaults for U/cmr/m/n on input line 15.
LaTeX Font Info:    ... okay on input line 15.

(/usr/share/texlive/texmf-dist/tex/context/base/supp-pdf.mkii
[Loading MPS to PDF converter (version 2006.09.02).]
\scratchcounter=\count129
\scratchdimen=\dimen164
\scratchbox=\box44
\nofMPsegments=\count130
\nofMParguments=\count131
\everyMPshowfont=\toks38
\MPscratchCnt=\count132
\MPscratchDim=\dimen165
\MPnumerator=\count133
\makeMPintoPDFobject=\count134
\everyMPtoPDFconversion=\toks39
)
\c@lstlisting=\count135
 ABD: EveryShipout initializing macros
LaTeX Font Info:    Try loading font information for U+msa on input line 20.

(/usr/share/texlive/texmf-dist/tex/latex/amsfonts/umsa.fd
File: umsa.fd 2013/01/14 v3.01 AMS symbols A
)
LaTeX Font Info:    Try loading font information for U+msb on input line 20.

(/usr/share/texlive/texmf-dist/tex/latex/amsfonts/umsb.fd
File: umsb.fd 2013/01/14 v3.01 AMS symbols B
) (./doc.toc [1

])
\tf@toc=\write4
\openout4 = `doc.toc'.


(./genbrush.tex
Underfull \hbox (badness 10000) in paragraph at lines 3--4

 []


Underfull \hbox (badness 10000) in paragraph at lines 5--6

 []


Underfull \hbox (badness 10000) in paragraph at lines 7--8

 []


Underfull \hbox (badness 10000) in paragraph at lines 9--10

 []

LaTeX Font Info:    Try loading font information for OMS+cmr on input line 11.
(/usr/share/texlive/texmf-dist/tex/latex/base/omscmr.fd
File: omscmr.fd 2014/09/29 v2.5h Standard LaTeX font definitions
)
LaTeX Font Info:    Font shape `OMS/cmr/m/n' in size <12> not available
(Font)              Font shape `OMS/cmsy/m/n' tried instead on input line 11.

Underfull \hbox (badness 10000) in paragraph at lines 19--20

 []


Underfull \hbox (badness 10000) in paragraph at lines 21--22

 []

[2]
Underfull \hbox (badness 10000) in paragraph at lines 32--33

 []


Underfull \hbox (badness 10000) in paragraph at lines 34--35

 []


Underfull \hbox (badness 10000) in paragraph at lines 36--37

 []


Underfull \hbox (badness 10000) in paragraph at lines 41--42

 []


Underfull \hbox (badness 10000) in paragraph at lines 43--44

 []

[3]
Overfull \hbox (5.41396pt too wide) in paragraph at lines 49--50
\OT1/cmr/m/n/12 The scene to be rep-re-sented graph-i-cally can be de-scribed u
s-ing Points, SCurves
 []


Underfull \hbox (badness 10000) in paragraph at lines 49--50

 []


Underfull \hbox (badness 10000) in paragraph at lines 53--54

 []


Underfull \hbox (badness 10000) in paragraph at lines 57--58

 []


Underfull \hbox (badness 10000) in paragraph at lines 61--62

 []


Underfull \hbox (badness 10000) in paragraph at lines 65--66

 []

[4]
Underfull \hbox (badness 10000) in paragraph at lines 67--68

 []


Underfull \hbox (badness 10000) in paragraph at lines 69--70

 []


Underfull \hbox (badness 10000) in paragraph at lines 87--88

 []


Underfull \hbox (badness 10000) in paragraph at lines 90--91

 []


Underfull \hbox (badness 10000) in paragraph at lines 104--105

 []

[5]
Underfull \hbox (badness 10000) in paragraph at lines 118--119

 []


Underfull \hbox (badness 10000) in paragraph at lines 132--133

 []


Underfull \hbox (badness 10000) in paragraph at lines 146--147

 []


Underfull \hbox (badness 10000) in paragraph at lines 160--161

 []


Underfull \hbox (badness 10000) in paragraph at lines 178--179

 []


Underfull \hbox (badness 10000) in paragraph at lines 191--193

 []

[6]
Underfull \hbox (badness 10000) in paragraph at lines 209--210

 []


Underfull \hbox (badness 10000) in paragraph at lines 211--212

 []


Underfull \hbox (badness 10000) in paragraph at lines 213--214

 []


Underfull \hbox (badness 10000) in paragraph at lines 217--218

 []


Underfull \hbox (badness 10000) in paragraph at lines 221--222

 []


Underfull \hbox (badness 10000) in paragraph at lines 223--224

 []

[7]
Underfull \hbox (badness 10000) in paragraph at lines 225--226

 []


Underfull \hbox (badness 10000) in paragraph at lines 229--230

 []


Underfull \hbox (badness 10000) in paragraph at lines 231--232

 []


Underfull \hbox (badness 10000) in paragraph at lines 233--234

 []


Underfull \hbox (badness 10000) in paragraph at lines 237--238

 []

[8]
Underfull \hbox (badness 10000) in paragraph at lines 239--240

 []


Underfull \hbox (badness 10000) in paragraph at lines 247--248

 []


Underfull \hbox (badness 10000) in paragraph at lines 249--250

 []


Underfull \hbox (badness 10000) in paragraph at lines 255--256

 []


Underfull \hbox (badness 10000) in paragraph at lines 260--261

 []

[9]
Underfull \hbox (badness 10000) in paragraph at lines 268--269

 []


Underfull \hbox (badness 10000) in paragraph at lines 272--273

 []


Underfull \hbox (badness 10000) in paragraph at lines 274--275

 []

[10]
Underfull \hbox (badness 10000) in paragraph at lines 281--282

 []


Underfull \hbox (badness 10000) in paragraph at lines 283--284

 []


Underfull \hbox (badness 10000) in paragraph at lines 285--286

 []


Underfull \hbox (badness 10000) in paragraph at lines 293--294

 []


Underfull \hbox (badness 10000) in paragraph at lines 309--310

 []

[11]
File: /home/bayashi/GitHub/GenBrush/genbrush.h  (verbatim)
 [12] [13] [14] [15] [16] [17] [18] [19] [20] [21] [22] [23] [24] [25]
[26] [27] [28] [29] [30] [31] [32] [33] [34] [35] [36] [37] [38] [39] [40]
[41] [42]
File: /home/bayashi/GitHub/GenBrush/genbrush-GTK.h  (verbatim)
 [43] [44]
File: /home/bayashi/GitHub/GenBrush/genbrush.c  (verbatim)
 [45] [46] [47] [48] [49] [50] [51] [52] [53] [54] [55]
[56] [57] [58] [59] [60] [61] [62] [63] [64] [65] [66] [67] [68] [69] [70]
[71] [72] [73] [74] [75] [76] [77] [78] [79] [80] [81] [82] [83] [84] [85]
[86] [87] [88] [89] [90] [91] [92] [93] [94] [95]
File: /home/bayashi/GitHub/GenBrush/genbrush-inline.c  (verbatim)
 [96] [97] [98] [99] [100]
[101] [102] [103] [104] [105] [106] [107] [108] [109] [110] [111] [112]
[113] [114] [115] [116] [117] [118] [119] [120] [121] [122] [123] [124]
[125] [126] [127] [128] [129] [130] [131] [132] [133] [134] [135] [136]
[137] [138]
File: /home/bayashi/GitHub/GenBrush/genbrush-GTK.c  (verbatim)
 [139] [140] [141] [142] [143] [144]
File: /home/bayashi/GitHub/GenBrush/genbrush-inline-GTK.c  (verbatim)
 [145]
File: /home/bayashi/GitHub/GenBrush/Makefile  (verbatim)

Overfull \hbox (787.2669pt too wide) in paragraph at lines 379--379
[]\OT1/cmtt/m/n/8 if [ ! -d ../PBMake ]; then wget https://github.com/BayashiPa
scal/PBMake/archive/master.zip; unzip master.zip; rm -f master.zip; sed -i '' '
s@ROOT_DIR=.*@ROOT_DIR='"`pwd | gawk -F/ 'NF{NF-=1};1' | sed -e 's@ @/@g'`"'@' 
PBMake-master/Makefile.inc; mv PBMake-master ../PBMake; fi[] 
 []

[146]
Overfull \hbox (196.50842pt too wide) in paragraph at lines 379--379
[]\OT1/cmtt/m/n/8 $(COMPILER) `echo "$($(repo)_EXE_DEP) $($(repo)_EXENAME).o" |
 tr ' ' '\n' | sort -u` $(LINK_ARG) $($(repo)_LINK_ARG) -o $($(repo)_EXENAME)[]
 
 []


Overfull \hbox (188.0083pt too wide) in paragraph at lines 379--379
[]\OT1/cmtt/m/n/8 $(COMPILER) $(BUILD_ARG) $($(repo)_BUILD_ARG) `echo "$($(repo
)_INC_DIR)" | tr ' ' '\n' | sort -u` -c $($(repo)_DIR)/$($(repo)_EXENAME).c[] 
 []

File: /home/bayashi/GitHub/GenBrush/main.c  (verbatim)
[147] [148] [149] [150] [151] [152] [153] [154] [155] [156] [157] [158]
[159] [160] [161] [162] [163] [164] [165] [166] [167] [168] [169] [170]
[171] [172] [173] [174] [175] [176] [177] [178] [179] [180] [181] [182]
[183] [184] [185] [186] [187] [188] [189] [190] [191] [192] [193] [194]
[195] [196] [197] [198] [199] [200] [201] [202] [203] [204] [205] [206]
[207] [208] [209] [210]
File: /home/bayashi/GitHub/GenBrush/unitTestRef.txt  (verbatim)
 [211]
Underfull \hbox (badness 10000) in paragraph at lines 399--400

 []

<./GBSurfaceImageSave.png, id=684, 10.0375pt x 10.0375pt>
File: ./GBSurfaceImageSave.png Graphic file (type png)

<use ./GBSurfaceImageSave.png>
Package pdftex.def Info: ./GBSurfaceImageSave.png used on input line 402.
(pdftex.def)             Requested size: 85.35826pt x 85.41107pt.

Underfull \hbox (badness 10000) in paragraph at lines 406--407

 []

<./GBToolPlotterDrawSCurve.png, id=686, 10.0375pt x 10.0375pt>
File: ./GBToolPlotterDrawSCurve.png Graphic file (type png)

<use ./GBToolPlotterDrawSCurve.png>
Package pdftex.def Info: ./GBToolPlotterDrawSCurve.png used on input line 409.
(pdftex.def)             Requested size: 85.35826pt x 85.41107pt.
 [212 <./GBSurfaceImageSave.png>]
Underfull \hbox (badness 10000) in paragraph at lines 413--414

 []

<./GBToolPlotterDrawFacoid3D.png, id=691, 10.0375pt x 10.0375pt>
File: ./GBToolPlotterDrawFacoid3D.png Graphic file (type png)

<use ./GBToolPlotterDrawFacoid3D.png>
Package pdftex.def Info: ./GBToolPlotterDrawFacoid3D.png used on input line 416
.
(pdftex.def)             Requested size: 85.35826pt x 85.41107pt.

Underfull \hbox (badness 10000) in paragraph at lines 420--421

 []

<./GBToolPlotterDrawSpheroid.png, id=692, 10.0375pt x 10.0375pt>
File: ./GBToolPlotterDrawSpheroid.png Graphic file (type png)

<use ./GBToolPlotterDrawSpheroid.png>
Package pdftex.def Info: ./GBToolPlotterDrawSpheroid.png used on input line 423
.
(pdftex.def)             Requested size: 85.35826pt x 85.41107pt.

Underfull \hbox (badness 10000) in paragraph at lines 427--428

 []

<./GBToolPlotterDrawFacoid.png, id=693, 10.0375pt x 10.0375pt>
File: ./GBToolPlotterDrawFacoid.png Graphic file (type png)

<use ./GBToolPlotterDrawFacoid.png>
Package pdftex.def Info: ./GBToolPlotterDrawFacoid.png used on input line 430.
(pdftex.def)             Requested size: 85.35826pt x 85.41107pt.

Underfull \hbox (badness 10000) in paragraph at lines 434--435

 []

[213 <./GBToolPlotterDrawSCurve.png> <./GBToolPlotterDrawFacoid3D.png> <./GBToo
lPlotterDrawSpheroid.png> <./GBToolPlotterDrawFacoid.png>]
<./ImageRef.png, id=701, 10.0375pt x 10.0375pt>
File: ./ImageRef.png Graphic file (type png)
 <use ./ImageRef.png>
Package pdftex.def Info: ./ImageRef.png used on input line 437.
(pdftex.def)             Requested size: 85.35826pt x 85.41107pt.

Underfull \hbox (badness 10000) in paragraph at lines 441--442

 []

<./GBToolPlotterDrawPoint.png, id=702, 10.0375pt x 10.0375pt>
File: ./GBToolPlotterDrawPoint.png Graphic file (type png)

<use ./GBToolPlotterDrawPoint.png>
Package pdftex.def Info: ./GBToolPlotterDrawPoint.png used on input line 444.
(pdftex.def)             Requested size: 85.35826pt x 85.41107pt.

Underfull \hbox (badness 10000) in paragraph at lines 448--449

 []

<./GBToolPlotterDrawPyramidoid.png, id=703, 10.0375pt x 10.0375pt>
File: ./GBToolPlotterDrawPyramidoid.png Graphic file (type png)

<use ./GBToolPlotterDrawPyramidoid.png>
Package pdftex.def Info: ./GBToolPlotterDrawPyramidoid.png used on input line 4
51.
(pdftex.def)             Requested size: 85.35826pt x 85.41107pt.

Underfull \hbox (badness 10000) in paragraph at lines 455--456

 []

<./testBottomLeft.png, id=704, 3.01125pt x 4.015pt>
File: ./testBottomLeft.png Graphic file (type png)
 <use ./testBottomLeft.png>
Package pdftex.def Info: ./testBottomLeft.png used on input line 458.
(pdftex.def)             Requested size: 85.35826pt x 113.94061pt.

[214 <./ImageRef.png> <./GBToolPlotterDrawPoint.png> <./GBToolPlotterDrawPyrami
doid.png>]
Underfull \hbox (badness 10000) in paragraph at lines 462--463

 []

<./testTopLeft.png, id=711, 3.01125pt x 4.015pt>
File: ./testTopLeft.png Graphic file (type png)
 <use ./testTopLeft.png>
Package pdftex.def Info: ./testTopLeft.png used on input line 465.
(pdftex.def)             Requested size: 85.35826pt x 113.94061pt.

Underfull \hbox (badness 10000) in paragraph at lines 469--470

 []

<./GBSurfaceNormalizeHueTest.png, id=712, 501.875pt x 326.21875pt>
File: ./GBSurfaceNormalizeHueTest.png Graphic file (type png)

<use ./GBSurfaceNormalizeHueTest.png>
Package pdftex.def Info: ./GBSurfaceNormalizeHueTest.png used on input line 472
.
(pdftex.def)             Requested size: 170.71652pt x 110.96765pt.

Underfull \hbox (badness 10000) in paragraph at lines 476--477

 []

<./GBSurfaceNormalizeHueRef.png, id=713, 501.875pt x 326.21875pt>
File: ./GBSurfaceNormalizeHueRef.png Graphic file (type png)

<use ./GBSurfaceNormalizeHueRef.png>
Package pdftex.def Info: ./GBSurfaceNormalizeHueRef.png used on input line 479.

(pdftex.def)             Requested size: 170.71652pt x 110.96765pt.
 [215 <./testBottomLeft.png> <./testTopLeft.png> <./GBSurfaceNormalizeHueTest.p
ng (PNG copy)>]
Underfull \hbox (badness 10000) in paragraph at lines 483--484

 []

<./GBScaleCropTest.png, id=719, 75.28125pt x 75.28125pt>
File: ./GBScaleCropTest.png Graphic file (type png)

<use ./GBScaleCropTest.png>
Package pdftex.def Info: ./GBScaleCropTest.png used on input line 486.
(pdftex.def)             Requested size: 170.71652pt x 170.75046pt.

Underfull \hbox (badness 10000) in paragraph at lines 490--491

 []

<./GBScaleTestAvgNeighbourRef.png, id=720, 100.375pt x 50.1875pt>
File: ./GBScaleTestAvgNeighbourRef.png Graphic file (type png)

<use ./GBScaleTestAvgNeighbourRef.png>
Package pdftex.def Info: ./GBScaleTestAvgNeighbourRef.png used on input line 49
3.
(pdftex.def)             Requested size: 170.71652pt x 85.3712pt.

Underfull \hbox (badness 10000) in paragraph at lines 497--498

 []

<./GBCropTestRef01.png, id=721, 50.1875pt x 50.1875pt>
File: ./GBCropTestRef01.png Graphic file (type png)

<use ./GBCropTestRef01.png>
Package pdftex.def Info: ./GBCropTestRef01.png used on input line 500.
(pdftex.def)             Requested size: 170.71652pt x 170.7692pt.
 [216 <./GBSurfaceNormalizeHueRef.png> <./GBScaleCropTest.png> <./GBScaleTestAv
gNeighbourRef.png>]
Underfull \hbox (badness 10000) in paragraph at lines 504--505

 []

<./GBCropTestRef02.png, id=728, 50.1875pt x 50.1875pt>
File: ./GBCropTestRef02.png Graphic file (type png)

<use ./GBCropTestRef02.png>
Package pdftex.def Info: ./GBCropTestRef02.png used on input line 507.
(pdftex.def)             Requested size: 170.71652pt x 170.7692pt.
) [217 <./GBCropTestRef01.png> <./GBCropTestRef02.png>] (./doc.aux) ) 
Here is how much of TeX's memory you used:
 13376 strings out of 494314
 258219 string characters out of 6163111
 295773 words of memory out of 5000000
 16445 multiletter control sequences out of 15000+600000
 12740 words of font info for 50 fonts, out of 8000000 for 9000
 372 hyphenation exceptions out of 8191
 55i,14n,54p,845b,310s stack positions out of 5000i,500n,10000p,200000b,80000s
</usr/shar
e/texlive/texmf-dist/fonts/type1/public/amsfonts/cm/cmbx12.pfb></usr/share/texl
ive/texmf-dist/fonts/type1/public/amsfonts/cm/cmex10.pfb></usr/share/texlive/te
xmf-dist/fonts/type1/public/amsfonts/cm/cmmi12.pfb></usr/share/texlive/texmf-di
st/fonts/type1/public/amsfonts/cm/cmmi8.pfb></usr/share/texlive/texmf-dist/font
s/type1/public/amsfonts/cm/cmr12.pfb></usr/share/texlive/texmf-dist/fonts/type1
/public/amsfonts/cm/cmr17.pfb></usr/share/texlive/texmf-dist/fonts/type1/public
/amsfonts/cm/cmr8.pfb></usr/share/texlive/texmf-dist/fonts/type1/public/amsfont
s/cm/cmsy10.pfb></usr/share/texlive/texmf-dist/fonts/type1/public/amsfonts/cm/c
msy8.pfb></usr/share/texlive/texmf-dist/fonts/type1/public/amsfonts/cm/cmtt12.p
fb></usr/share/texlive/texmf-dist/fonts/type1/public/amsfonts/cm/cmtt8.pfb>

pdfTeX warning: pdflatex: no GlyphToUnicode entry has been inserted yet!
Output written on doc.pdf (217 pages, 1086445 bytes).
PDF statistics:
 779 PDF objects out of 1000 (max. 8388607)
 0 named destinations out of 1000 (max. 500000)
 93 words of extra memory for PDF output out of 10000 (max. 10000000)

